<component name="libraryTable">
  <library name="junit-4.13-beta-3 (2)">
    <CLASSES>
      <root url="jar://$PROJECT_DIR$/lib/junit-4.13-beta-3.jar!/" />
    </CLASSES>
    <JAVADOC />
    <SOURCES />
    <jarDirectory url="jar://$PROJECT_DIR$/lib/junit-4.13-beta-3.jar!/" recursive="false" />
  </library>
</component>