<component name="libraryTable">
  <library name="junit-4.13-beta-3 (3)">
    <CLASSES />
    <JAVADOC />
    <NATIVE>
      <root url="jar://$PROJECT_DIR$/lib/junit-4.13-beta-3.jar!/" />
    </NATIVE>
    <SOURCES />
  </library>
</component>